1.030284 147
0.000351 19
0.036730 108
0.291510 11
0.126055 18
0.519761 7
0.000240 3
0.001276 6
0.006930 148
0.000232 147
0.000157 19
0.018537 108
1.244912 11
0.127695 30
0.126951 33
0.128110 1
0.256801 10
0.255939 16
0.080118 16
0.223561 21
0.000030 7
0.000253 3
0.001099 7
0.006134 16
0.000463 58
0.000130 2
0.000058 47
0.000106 2
0.000056 41
0.000099 2
0.000056 3
0.000039 2
0.000053 8
0.000069 2
0.000055 3
0.000039 2
0.000052 58
0.000111 2
0.000056 47
0.000102 2
0.000055 40
0.000095 2
0.000055 3
0.000039 2
0.000052 13
0.000072 2
0.000054 3
0.000038 2
0.000052 58
0.000108 2
0.000055 47
0.000102 2
0.000055 40
0.000095 2
0.000054 3
0.000050 2
0.000061 16
0.000076 2
0.000052 3
0.000039 2
0.000051 58
0.000106 2
0.000053 47
0.000100 2
0.000053 40
0.000094 2
0.000052 3
0.000039 2
0.000051 15
0.000072 2
0.000052 3
0.000038 2
0.000051 58
0.000107 2
0.000054 47
0.000099 2
0.000063 40
0.000094 2
0.000065 3
0.000039 2
0.000062 10
0.000071 2
0.000063 3
0.000039 2
0.000063 58
0.000112 2
0.000067 4
1.152258 19
0.001517 166
0.018435 108
0.734478 176
0.020719 108
2.157097 10
0.270945 23
0.216737 41
0.207112 44
0.816028 7
0.000042 1
0.000209 2
0.001137 8
